[INFO  - 2017-06-19T06:10:41.861Z] GhostDriver - Main - running on port 62121
[INFO  - 2017-06-19T06:10:42.663Z] Session [066b5d10-54b6-11e7-8482-698ea37ec32f] - page.settings - {"XSSAuditingEnabled":false,"javascriptCanCloseWindows":true,"javascriptCanOpenWindows":true,"javascriptEnabled":true,"loadImages":true,"localToRemoteUrlAccessEnabled":false,"userAgent":"Mozilla/5.0 (Macintosh; Intel Mac OS X) AppleWebKit/538.1 (KHTML, like Gecko) PhantomJS/2.1.1 Safari/538.1","webSecurityEnabled":true}
[INFO  - 2017-06-19T06:10:42.663Z] Session [066b5d10-54b6-11e7-8482-698ea37ec32f] - page.customHeaders:  - {}
[INFO  - 2017-06-19T06:10:42.663Z] Session [066b5d10-54b6-11e7-8482-698ea37ec32f] - Session.negotiatedCapabilities - {"browserName":"phantomjs","version":"2.1.1","driverName":"ghostdriver","driverVersion":"1.2.0","platform":"mac-unknown-64bit","javascriptEnabled":true,"takesScreenshot":true,"handlesAlerts":false,"databaseEnabled":false,"locationContextEnabled":false,"applicationCacheEnabled":false,"browserConnectionEnabled":false,"cssSelectorsEnabled":true,"webStorageEnabled":false,"rotatable":false,"acceptSslCerts":false,"nativeEvents":true,"proxy":{"proxyType":"direct"}}
[INFO  - 2017-06-19T06:10:42.663Z] SessionManagerReqHand - _postNewSessionCommand - New Session Created: 066b5d10-54b6-11e7-8482-698ea37ec32f
[ERROR - 2017-06-19T06:10:50.624Z] WebElementLocator - _handleLocateCommand - Element(s) NOT Found: GAVE UP. Search Stop Time: 1497852650588

  phantomjs://platform/console++.js:263 in error
[ERROR - 2017-06-19T06:10:52.050Z] WebElementLocator - _handleLocateCommand - Element(s) NOT Found: GAVE UP. Search Stop Time: 1497852652019

  phantomjs://platform/console++.js:263 in error
[ERROR - 2017-06-19T06:10:53.285Z] WebElementLocator - _handleLocateCommand - Element(s) NOT Found: GAVE UP. Search Stop Time: 1497852653248

  phantomjs://platform/console++.js:263 in error
[ERROR - 2017-06-19T06:10:54.489Z] WebElementLocator - _handleLocateCommand - Element(s) NOT Found: GAVE UP. Search Stop Time: 1497852654455

  phantomjs://platform/console++.js:263 in error
[ERROR - 2017-06-19T06:10:55.731Z] WebElementLocator - _handleLocateCommand - Element(s) NOT Found: GAVE UP. Search Stop Time: 1497852655685

  phantomjs://platform/console++.js:263 in error
[ERROR - 2017-06-19T06:10:57.036Z] WebElementLocator - _handleLocateCommand - Element(s) NOT Found: GAVE UP. Search Stop Time: 1497852656999

  phantomjs://platform/console++.js:263 in error
[ERROR - 2017-06-19T06:10:58.257Z] WebElementLocator - _handleLocateCommand - Element(s) NOT Found: GAVE UP. Search Stop Time: 1497852658229

  phantomjs://platform/console++.js:263 in error
[ERROR - 2017-06-19T06:10:59.457Z] WebElementLocator - _handleLocateCommand - Element(s) NOT Found: GAVE UP. Search Stop Time: 1497852659425

  phantomjs://platform/console++.js:263 in error
[ERROR - 2017-06-19T06:11:00.662Z] WebElementLocator - _handleLocateCommand - Element(s) NOT Found: GAVE UP. Search Stop Time: 1497852660628

  phantomjs://platform/console++.js:263 in error
[ERROR - 2017-06-19T06:11:01.892Z] WebElementLocator - _handleLocateCommand - Element(s) NOT Found: GAVE UP. Search Stop Time: 1497852661852

  phantomjs://platform/console++.js:263 in error
[ERROR - 2017-06-19T06:11:03.232Z] WebElementLocator - _handleLocateCommand - Element(s) NOT Found: GAVE UP. Search Stop Time: 1497852663180

  phantomjs://platform/console++.js:263 in error
[ERROR - 2017-06-19T06:11:04.422Z] WebElementLocator - _handleLocateCommand - Element(s) NOT Found: GAVE UP. Search Stop Time: 1497852664384

  phantomjs://platform/console++.js:263 in error
[ERROR - 2017-06-19T06:11:05.639Z] WebElementLocator - _handleLocateCommand - Element(s) NOT Found: GAVE UP. Search Stop Time: 1497852665605

  phantomjs://platform/console++.js:263 in error
[ERROR - 2017-06-19T06:11:06.846Z] WebElementLocator - _handleLocateCommand - Element(s) NOT Found: GAVE UP. Search Stop Time: 1497852666812

  phantomjs://platform/console++.js:263 in error
[ERROR - 2017-06-19T06:11:08.068Z] WebElementLocator - _handleLocateCommand - Element(s) NOT Found: GAVE UP. Search Stop Time: 1497852668033

  phantomjs://platform/console++.js:263 in error
[ERROR - 2017-06-19T06:11:09.392Z] WebElementLocator - _handleLocateCommand - Element(s) NOT Found: GAVE UP. Search Stop Time: 1497852669362

  phantomjs://platform/console++.js:263 in error
[ERROR - 2017-06-19T06:11:10.593Z] WebElementLocator - _handleLocateCommand - Element(s) NOT Found: GAVE UP. Search Stop Time: 1497852670557

  phantomjs://platform/console++.js:263 in error
[ERROR - 2017-06-19T06:11:11.840Z] WebElementLocator - _handleLocateCommand - Element(s) NOT Found: GAVE UP. Search Stop Time: 1497852671804

  phantomjs://platform/console++.js:263 in error
[ERROR - 2017-06-19T06:11:13.050Z] WebElementLocator - _handleLocateCommand - Element(s) NOT Found: GAVE UP. Search Stop Time: 1497852673006

  phantomjs://platform/console++.js:263 in error
[ERROR - 2017-06-19T06:11:14.326Z] WebElementLocator - _handleLocateCommand - Element(s) NOT Found: GAVE UP. Search Stop Time: 1497852674281

  phantomjs://platform/console++.js:263 in error
[ERROR - 2017-06-19T06:11:15.631Z] WebElementLocator - _handleLocateCommand - Element(s) NOT Found: GAVE UP. Search Stop Time: 1497852675589

  phantomjs://platform/console++.js:263 in error
[ERROR - 2017-06-19T06:11:16.838Z] WebElementLocator - _handleLocateCommand - Element(s) NOT Found: GAVE UP. Search Stop Time: 1497852676800

  phantomjs://platform/console++.js:263 in error
[ERROR - 2017-06-19T06:11:18.049Z] WebElementLocator - _handleLocateCommand - Element(s) NOT Found: GAVE UP. Search Stop Time: 1497852678016

  phantomjs://platform/console++.js:263 in error
[ERROR - 2017-06-19T06:11:19.267Z] WebElementLocator - _handleLocateCommand - Element(s) NOT Found: GAVE UP. Search Stop Time: 1497852679231

  phantomjs://platform/console++.js:263 in error
[ERROR - 2017-06-19T06:11:20.496Z] WebElementLocator - _handleLocateCommand - Element(s) NOT Found: GAVE UP. Search Stop Time: 1497852680464

  phantomjs://platform/console++.js:263 in error
[ERROR - 2017-06-19T06:11:21.807Z] WebElementLocator - _handleLocateCommand - Element(s) NOT Found: GAVE UP. Search Stop Time: 1497852681772

  phantomjs://platform/console++.js:263 in error
[ERROR - 2017-06-19T06:11:23.031Z] WebElementLocator - _handleLocateCommand - Element(s) NOT Found: GAVE UP. Search Stop Time: 1497852682990

  phantomjs://platform/console++.js:263 in error
[ERROR - 2017-06-19T06:11:24.274Z] WebElementLocator - _handleLocateCommand - Element(s) NOT Found: GAVE UP. Search Stop Time: 1497852684242

  phantomjs://platform/console++.js:263 in error
[ERROR - 2017-06-19T06:11:25.479Z] WebElementLocator - _handleLocateCommand - Element(s) NOT Found: GAVE UP. Search Stop Time: 1497852685437

  phantomjs://platform/console++.js:263 in error
